[ 2026-02-22 00:40:43,255 ] 24 root - INFO - DataIngestion class initialized.
[ 2026-02-22 00:40:43,256 ] 20 root - INFO - Initiate the data ingestion
[ 2026-02-22 00:40:43,256 ] 121 root - INFO - Starting data ingestion process.
[ 2026-02-22 00:40:43,256 ] 33 root - INFO - Exporting collection from MongoDB
[ 2026-02-22 00:46:38,570 ] 53 root - INFO - Successfully exported 11055 records from MongoDB.
[ 2026-02-22 00:46:38,681 ] 72 root - INFO - Data exported to feature store at Artifacts\02_22_2026_00_40_40\data_ingestion\feature_store\phisingData.csv
[ 2026-02-22 00:46:38,687 ] 90 root - INFO - Performed train-test split.
[ 2026-02-22 00:46:38,780 ] 107 root - INFO - Train and test files saved successfully.
[ 2026-02-22 00:46:38,780 ] 132 root - INFO - Data ingestion completed successfully.
[ 2026-02-22 00:46:38,781 ] 22 root - INFO - Data Initiation Completed
[ 2026-02-22 00:46:38,794 ] 26 root - INFO - Initiate the data Validation
[ 2026-02-22 00:46:38,839 ] 32 root - INFO - Required number of columns:2
[ 2026-02-22 00:46:38,839 ] 33 root - INFO - Data frame has columns:31
[ 2026-02-22 00:46:38,839 ] 32 root - INFO - Required number of columns:2
[ 2026-02-22 00:46:38,840 ] 33 root - INFO - Data frame has columns:31
[ 2026-02-22 00:46:39,063 ] 28 root - INFO - data Validation Completed
[ 2026-02-22 00:46:39,064 ] 31 root - INFO - data Transformation started
[ 2026-02-22 00:46:39,064 ] 63 root - INFO - Entered initiate_data_transformation method of DataTransformation class
[ 2026-02-22 00:46:39,064 ] 65 root - INFO - Starting data transformation
[ 2026-02-22 00:46:39,125 ] 48 root - INFO - Entered get_data_trnasformer_object method of Trnasformation class
[ 2026-02-22 00:46:39,125 ] 53 root - INFO - Initialise KNNImputer with {'missing_values': nan, 'n_neighbors': 3, 'weights': 'uniform'}
[ 2026-02-22 00:46:39,162 ] 46 root - INFO - Entered the save_object method of MainUtils class
[ 2026-02-22 00:46:39,189 ] 50 root - INFO - Exited the save_object method of MainUtils class
[ 2026-02-22 00:46:39,190 ] 46 root - INFO - Entered the save_object method of MainUtils class
[ 2026-02-22 00:46:39,217 ] 50 root - INFO - Exited the save_object method of MainUtils class
[ 2026-02-22 00:46:39,220 ] 35 root - INFO - data Transformation completed
[ 2026-02-22 00:46:39,221 ] 37 root - INFO - Model Training sstared
[ 2026-02-22 00:51:40,588 ] 46 root - INFO - Entered the save_object method of MainUtils class
[ 2026-02-22 00:51:40,735 ] 50 root - INFO - Exited the save_object method of MainUtils class
[ 2026-02-22 00:51:40,736 ] 46 root - INFO - Entered the save_object method of MainUtils class
[ 2026-02-22 00:51:40,852 ] 50 root - INFO - Exited the save_object method of MainUtils class
[ 2026-02-22 00:51:40,852 ] 97 root - INFO - Model trainer artifact: ModelTrainerArtifact(trained_model_file_path='Artifacts\\02_22_2026_00_40_40\\model_trainer\\trained_model\\model.pkl', train_metric_artifact=ClassificationMetricArtifact(f1_score=0.9915470007129036, precision_score=0.9900345739271914, recall_score=0.993064055487556), test_metric_artifact=ClassificationMetricArtifact(f1_score=0.9719256623171214, precision_score=0.9646781789638933, recall_score=0.9792828685258964))
[ 2026-02-22 00:51:40,856 ] 42 root - INFO - Model Training artifact created
