[ 2026-02-22 00:34:21,540 ] 24 root - INFO - DataIngestion class initialized.
[ 2026-02-22 00:34:21,541 ] 20 root - INFO - Initiate the data ingestion
[ 2026-02-22 00:34:21,541 ] 121 root - INFO - Starting data ingestion process.
[ 2026-02-22 00:34:21,541 ] 33 root - INFO - Exporting collection from MongoDB
[ 2026-02-22 00:34:38,899 ] 53 root - INFO - Successfully exported 11055 records from MongoDB.
[ 2026-02-22 00:34:39,010 ] 72 root - INFO - Data exported to feature store at Artifacts\02_22_2026_00_34_12\data_ingestion\feature_store\phisingData.csv
[ 2026-02-22 00:34:39,014 ] 90 root - INFO - Performed train-test split.
[ 2026-02-22 00:34:39,111 ] 107 root - INFO - Train and test files saved successfully.
[ 2026-02-22 00:34:39,112 ] 132 root - INFO - Data ingestion completed successfully.
[ 2026-02-22 00:34:39,112 ] 22 root - INFO - Data Initiation Completed
[ 2026-02-22 00:34:39,127 ] 26 root - INFO - Initiate the data Validation
[ 2026-02-22 00:34:39,169 ] 32 root - INFO - Required number of columns:2
[ 2026-02-22 00:34:39,170 ] 33 root - INFO - Data frame has columns:31
[ 2026-02-22 00:34:39,170 ] 32 root - INFO - Required number of columns:2
[ 2026-02-22 00:34:39,170 ] 33 root - INFO - Data frame has columns:31
[ 2026-02-22 00:34:39,390 ] 28 root - INFO - data Validation Completed
[ 2026-02-22 00:34:39,391 ] 31 root - INFO - data Transformation started
[ 2026-02-22 00:34:39,391 ] 63 root - INFO - Entered initiate_data_transformation method of DataTransformation class
[ 2026-02-22 00:34:39,391 ] 65 root - INFO - Starting data transformation
[ 2026-02-22 00:34:39,430 ] 48 root - INFO - Entered get_data_trnasformer_object method of Trnasformation class
[ 2026-02-22 00:34:39,431 ] 53 root - INFO - Initialise KNNImputer with {'missing_values': nan, 'n_neighbors': 3, 'weights': 'uniform'}
[ 2026-02-22 00:34:39,467 ] 46 root - INFO - Entered the save_object method of MainUtils class
[ 2026-02-22 00:34:39,502 ] 50 root - INFO - Exited the save_object method of MainUtils class
[ 2026-02-22 00:34:39,502 ] 46 root - INFO - Entered the save_object method of MainUtils class
[ 2026-02-22 00:34:39,531 ] 50 root - INFO - Exited the save_object method of MainUtils class
[ 2026-02-22 00:34:39,534 ] 35 root - INFO - data Transformation completed
[ 2026-02-22 00:34:39,534 ] 37 root - INFO - Model Training sstared
[ 2026-02-22 00:35:15,768 ] 110 root - INFO - Best Model: Random Forest
[ 2026-02-22 00:35:15,768 ] 111 root - INFO - Best Score: 0.8691585123939389
[ 2026-02-22 00:35:35,719 ] 46 root - INFO - Entered the save_object method of MainUtils class
[ 2026-02-22 00:35:35,859 ] 50 root - INFO - Exited the save_object method of MainUtils class
[ 2026-02-22 00:35:35,860 ] 46 root - INFO - Entered the save_object method of MainUtils class
[ 2026-02-22 00:35:35,982 ] 50 root - INFO - Exited the save_object method of MainUtils class
[ 2026-02-22 00:35:35,983 ] 160 root - INFO - Model trainer artifact: ModelTrainerArtifact(trained_model_file_path='Artifacts\\02_22_2026_00_34_12\\model_trainer\\trained_model\\model.pkl', train_metric_artifact=ClassificationMetricArtifact(f1_score=0.991559035899522, precision_score=0.9886432772257149, recall_score=0.9944920440636474), test_metric_artifact=ClassificationMetricArtifact(f1_score=0.9719256623171214, precision_score=0.9646781789638933, recall_score=0.9792828685258964))
[ 2026-02-22 00:35:35,986 ] 42 root - INFO - Model Training artifact created
