[ 2026-02-22 00:20:21,650 ] 24 root - INFO - DataIngestion class initialized.
[ 2026-02-22 00:20:21,650 ] 20 root - INFO - Initiate the data ingestion
[ 2026-02-22 00:20:21,651 ] 121 root - INFO - Starting data ingestion process.
[ 2026-02-22 00:20:21,651 ] 33 root - INFO - Exporting collection from MongoDB
[ 2026-02-22 00:20:42,188 ] 53 root - INFO - Successfully exported 11055 records from MongoDB.
[ 2026-02-22 00:20:42,301 ] 72 root - INFO - Data exported to feature store at Artifacts\02_22_2026_00_20_07\data_ingestion\feature_store\phisingData.csv
[ 2026-02-22 00:20:42,307 ] 90 root - INFO - Performed train-test split.
[ 2026-02-22 00:20:42,403 ] 107 root - INFO - Train and test files saved successfully.
[ 2026-02-22 00:20:42,404 ] 132 root - INFO - Data ingestion completed successfully.
[ 2026-02-22 00:20:42,404 ] 22 root - INFO - Data Initiation Completed
[ 2026-02-22 00:20:42,415 ] 26 root - INFO - Initiate the data Validation
[ 2026-02-22 00:20:42,453 ] 32 root - INFO - Required number of columns:2
[ 2026-02-22 00:20:42,453 ] 33 root - INFO - Data frame has columns:31
[ 2026-02-22 00:20:42,453 ] 32 root - INFO - Required number of columns:2
[ 2026-02-22 00:20:42,453 ] 33 root - INFO - Data frame has columns:31
[ 2026-02-22 00:20:42,679 ] 28 root - INFO - data Validation Completed
[ 2026-02-22 00:20:42,679 ] 31 root - INFO - data Transformation started
[ 2026-02-22 00:20:42,680 ] 63 root - INFO - Entered initiate_data_transformation method of DataTransformation class
[ 2026-02-22 00:20:42,680 ] 65 root - INFO - Starting data transformation
[ 2026-02-22 00:20:42,721 ] 48 root - INFO - Entered get_data_trnasformer_object method of Trnasformation class
[ 2026-02-22 00:20:42,722 ] 53 root - INFO - Initialise KNNImputer with {'missing_values': nan, 'n_neighbors': 3, 'weights': 'uniform'}
[ 2026-02-22 00:20:42,778 ] 46 root - INFO - Entered the save_object method of MainUtils class
[ 2026-02-22 00:20:42,808 ] 50 root - INFO - Exited the save_object method of MainUtils class
[ 2026-02-22 00:20:42,808 ] 46 root - INFO - Entered the save_object method of MainUtils class
[ 2026-02-22 00:20:42,837 ] 50 root - INFO - Exited the save_object method of MainUtils class
[ 2026-02-22 00:20:42,840 ] 35 root - INFO - data Transformation completed
[ 2026-02-22 00:20:42,840 ] 37 root - INFO - Model Training sstared
