[ 2026-02-21 23:24:09,165 ] 24 root - INFO - DataIngestion class initialized.
[ 2026-02-21 23:24:09,166 ] 20 root - INFO - Initiate the data ingestion
[ 2026-02-21 23:24:09,167 ] 121 root - INFO - Starting data ingestion process.
[ 2026-02-21 23:24:09,167 ] 33 root - INFO - Exporting collection from MongoDB
[ 2026-02-21 23:24:32,509 ] 53 root - INFO - Successfully exported 11055 records from MongoDB.
[ 2026-02-21 23:24:32,617 ] 72 root - INFO - Data exported to feature store at Artifacts\02_21_2026_23_23_55\data_ingestion\feature_store\phisingData.csv
[ 2026-02-21 23:24:32,625 ] 90 root - INFO - Performed train-test split.
[ 2026-02-21 23:24:32,722 ] 107 root - INFO - Train and test files saved successfully.
[ 2026-02-21 23:24:32,722 ] 132 root - INFO - Data ingestion completed successfully.
[ 2026-02-21 23:24:32,723 ] 22 root - INFO - Data Initiation Completed
[ 2026-02-21 23:24:32,733 ] 26 root - INFO - Initiate the data Validation
[ 2026-02-21 23:24:32,775 ] 32 root - INFO - Required number of columns:2
[ 2026-02-21 23:24:32,776 ] 33 root - INFO - Data frame has columns:31
[ 2026-02-21 23:24:32,776 ] 32 root - INFO - Required number of columns:2
[ 2026-02-21 23:24:32,776 ] 33 root - INFO - Data frame has columns:31
[ 2026-02-21 23:24:33,001 ] 28 root - INFO - data Validation Completed
[ 2026-02-21 23:24:33,001 ] 31 root - INFO - data Transformation started
[ 2026-02-21 23:24:33,002 ] 63 root - INFO - Entered initiate_data_transformation method of DataTransformation class
[ 2026-02-21 23:24:33,002 ] 65 root - INFO - Starting data transformation
[ 2026-02-21 23:24:33,039 ] 48 root - INFO - Entered get_data_trnasformer_object method of Trnasformation class
[ 2026-02-21 23:24:33,039 ] 53 root - INFO - Initialise KNNImputer with {'missing_values': nan, 'n_neighbors': 3, 'weights': 'uniform'}
[ 2026-02-21 23:24:33,078 ] 46 root - INFO - Entered the save_object method of MainUtils class
[ 2026-02-21 23:24:33,098 ] 50 root - INFO - Exited the save_object method of MainUtils class
[ 2026-02-21 23:24:33,098 ] 46 root - INFO - Entered the save_object method of MainUtils class
[ 2026-02-21 23:24:33,122 ] 50 root - INFO - Exited the save_object method of MainUtils class
[ 2026-02-21 23:24:33,125 ] 35 root - INFO - data Transformation completed
[ 2026-02-21 23:24:33,125 ] 37 root - INFO - Model Training sstared
